#
# There is insufficient memory for the Java Runtime Environment to continue.
# Native memory allocation (malloc) failed to allocate 32744 bytes. Error detail: Chunk::new
# Possible reasons:
#   The system is out of physical RAM or swap space
#   This process is running with CompressedOops enabled, and the Java Heap may be blocking the growth of the native heap
# Possible solutions:
#   Reduce memory load on the system
#   Increase physical memory or swap space
#   Check if swap backing store is full
#   Decrease Java heap size (-Xmx/-Xms)
#   Decrease number of Java threads
#   Decrease Java thread stack sizes (-Xss)
#   Set larger code cache with -XX:ReservedCodeCacheSize=
#   JVM is running with Unscaled Compressed Oops mode in which the Java heap is
#     placed in the first 4GB address space. The Java Heap base address is the
#     maximum limit for the native heap growth. Please use -XX:HeapBaseMinAddress
#     to set the Java Heap base and to place the Java Heap above 4GB virtual address.
# This output file may be truncated or incomplete.
#
#  Out of Memory Error (arena.cpp:168), pid=8832, tid=2192
#
# JRE version: OpenJDK Runtime Environment Zulu21.34+19-CA (21.0.3+9) (build 21.0.3+9-LTS)
# Java VM: OpenJDK 64-Bit Server VM Zulu21.34+19-CA (21.0.3+9-LTS, mixed mode, tiered, compressed oops, compressed class ptrs, g1 gc, windows-amd64)
# No core dump will be written. Minidumps are not enabled by default on client versions of Windows
#

---------------  S U M M A R Y ------------

Command Line: -Xmx64m -Xms64m -Dorg.gradle.appname=gradlew org.gradle.wrapper.GradleWrapperMain generatejavascript

Host: Intel(R) Celeron(R) N4000 CPU @ 1.10GHz, 2 cores, 3G,  Windows 10 , 64 bit Build 19041 (10.0.19041.3636)
Time: Wed Jul  3 22:27:27 2024 Pacific Daylight Time elapsed time: 0.273844 seconds (0d 0h 0m 0s)

---------------  T H R E A D  ---------------

Current thread (0x0000020fd09e6c30):  JavaThread "C2 CompilerThread0" daemon [_thread_in_native, id=2192, stack(0x000000cb7e900000,0x000000cb7ea00000) (1024K)]


Current CompileTask:
C2:    274   15       4       jdk.internal.util.ArraysSupport::signedHashCode (37 bytes)

Stack: [0x000000cb7e900000,0x000000cb7ea00000]
Native frames: (J=compiled Java code, j=interpreted, Vv=VM code, C=native code)
V  [jvm.dll+0x6d3919]
V  [jvm.dll+0x8ae6d1]
V  [jvm.dll+0x8b0a3e]
V  [jvm.dll+0x8b1123]
V  [jvm.dll+0x286316]
V  [jvm.dll+0xc5acd]
V  [jvm.dll+0xc6003]
V  [jvm.dll+0xc5bf5]
V  [jvm.dll+0x6af20c]
V  [jvm.dll+0x65c6b1]
V  [jvm.dll+0x65c91f]
V  [jvm.dll+0x65c8de]
V  [jvm.dll+0x65c54e]
V  [jvm.dll+0x65c91f]
V  [jvm.dll+0x65c54e]
V  [jvm.dll+0x65c91f]
V  [jvm.dll+0x65c54e]
V  [jvm.dll+0x65c91f]
V  [jvm.dll+0x65c54e]
V  [jvm.dll+0x66231d]
V  [jvm.dll+0x663286]
V  [jvm.dll+0x6615bd]
V  [jvm.dll+0x24af05]
V  [jvm.dll+0x24a661]
V  [jvm.dll+0x1ca404]
V  [jvm.dll+0x259d99]
V  [jvm.dll+0x25831a]
V  [jvm.dll+0x3f6236]
V  [jvm.dll+0x857848]
V  [jvm.dll+0x6d206d]
C  [ucrtbase.dll+0x21bb2]
C  [KERNEL32.DLL+0x17344]
C  [ntdll.dll+0x4cc91]


---------------  P R O C E S S  ---------------

Threads class SMR info:
_java_thread_list=0x0000020fd0cb2490, length=10, elements={
0x0000020fb4ef6fa0, 0x0000020fd09d87d0, 0x0000020fd09c1ec0, 0x0000020fd09cd1b0,
0x0000020fd09cdc10, 0x0000020fd09cefc0, 0x0000020fd09cac70, 0x0000020fd09e6c30,
0x0000020fd09e7e70, 0x0000020fd0ce0a60
}

Java Threads: ( => current thread )
  0x0000020fb4ef6fa0 JavaThread "main"                              [_thread_in_native, id=9740, stack(0x000000cb7db00000,0x000000cb7dc00000) (1024K)]
  0x0000020fd09d87d0 JavaThread "Reference Handler"          daemon [_thread_blocked, id=4544, stack(0x000000cb7e300000,0x000000cb7e400000) (1024K)]
  0x0000020fd09c1ec0 JavaThread "Finalizer"                  daemon [_thread_blocked, id=3844, stack(0x000000cb7e400000,0x000000cb7e500000) (1024K)]
  0x0000020fd09cd1b0 JavaThread "Signal Dispatcher"          daemon [_thread_blocked, id=8972, stack(0x000000cb7e500000,0x000000cb7e600000) (1024K)]
  0x0000020fd09cdc10 JavaThread "Attach Listener"            daemon [_thread_blocked, id=1188, stack(0x000000cb7e600000,0x000000cb7e700000) (1024K)]
  0x0000020fd09cefc0 JavaThread "Service Thread"             daemon [_thread_blocked, id=2368, stack(0x000000cb7e700000,0x000000cb7e800000) (1024K)]
  0x0000020fd09cac70 JavaThread "Monitor Deflation Thread"   daemon [_thread_blocked, id=6320, stack(0x000000cb7e800000,0x000000cb7e900000) (1024K)]
=>0x0000020fd09e6c30 JavaThread "C2 CompilerThread0"         daemon [_thread_in_native, id=2192, stack(0x000000cb7e900000,0x000000cb7ea00000) (1024K)]
  0x0000020fd09e7e70 JavaThread "C1 CompilerThread0"         daemon [_thread_blocked, id=4136, stack(0x000000cb7ea00000,0x000000cb7eb00000) (1024K)]
  0x0000020fd0ce0a60 JavaThread "Notification Thread"        daemon [_thread_new, id=10164, stack(0x0000000000000000,0x0000000000000000) (0B)]
Total: 10

Other Threads:
  0x0000020fd08fa680 VMThread "VM Thread"                           [id=3604, stack(0x000000cb7e200000,0x000000cb7e300000) (1024K)]
  0x0000020fb71218c0 WatcherThread "VM Periodic Task Thread"        [id=4852, stack(0x000000cb7e100000,0x000000cb7e200000) (1024K)]
  0x0000020fb7082b00 WorkerThread "GC Thread#0"                     [id=6488, stack(0x000000cb7dc00000,0x000000cb7dd00000) (1024K)]
  0x0000020fb7084b00 ConcurrentGCThread "G1 Main Marker"            [id=4128, stack(0x000000cb7dd00000,0x000000cb7de00000) (1024K)]
  0x0000020fb70857c0 WorkerThread "G1 Conc#0"                       [id=9736, stack(0x000000cb7de00000,0x000000cb7df00000) (1024K)]
  0x0000020fb70cf3a0 ConcurrentGCThread "G1 Refine#0"               [id=4160, stack(0x000000cb7df00000,0x000000cb7e000000) (1024K)]
  0x0000020fb70d00d0 ConcurrentGCThread "G1 Service"                [id=6124, stack(0x000000cb7e000000,0x000000cb7e100000) (1024K)]
Total: 7

Threads with active compile tasks:
C2 CompilerThread0      394   15       4       jdk.internal.util.ArraysSupport::signedHashCode (37 bytes)
Total: 1

VM state: not at safepoint (normal execution)

VM Mutex/Monitor currently owned by a thread: None

Heap address: 0x00000000fc000000, size: 64 MB, Compressed Oops mode: 32-bit

CDS archive(s) not mapped
Compressed class space mapped at: 0x0000000100000000-0x0000000140000000, reserved size: 1073741824
Narrow klass base: 0x0000000000000000, Narrow klass shift: 3, Narrow klass range: 0x140000000

GC Precious Log:
 CardTable entry size: 512
 Card Set container configuration: InlinePtr #cards 5 size 8 Array Of Cards #cards 12 size 40 Howl #buckets 4 coarsen threshold 1843 Howl Bitmap #cards 512 size 80 coarsen threshold 460 Card regions per heap region 1 cards per card region 2048
 CPUs: 2 total, 2 available
 Memory: 3918M
 Large Page Support: Disabled
 NUMA Support: Disabled
 Compressed Oops: Enabled (32-bit)
 Heap Region Size: 1M
 Heap Min Capacity: 64M
 Heap Initial Capacity: 64M
 Heap Max Capacity: 64M
 Pre-touch: Disabled
 Parallel Workers: 2
 Concurrent Workers: 1
 Concurrent Refinement Workers: 2
 Periodic GC: Disabled

Heap:
 garbage-first heap   total 65536K, used 0K [0x00000000fc000000, 0x0000000100000000)
  region size 1024K, 1 young (1024K), 0 survivors (0K)
 Metaspace       used 4304K, committed 4352K, reserved 1114112K
  class space    used 316K, committed 320K, reserved 1048576K

Heap Regions: E=young(eden), S=young(survivor), O=old, HS=humongous(starts), HC=humongous(continues), CS=collection set, F=free, TAMS=top-at-mark-start, PB=parsable bottom
|   0|0x00000000fc000000, 0x00000000fc000000, 0x00000000fc100000|  0%| F|  |TAMS 0x00000000fc000000| PB 0x00000000fc000000| Untracked 
|   1|0x00000000fc100000, 0x00000000fc100000, 0x00000000fc200000|  0%| F|  |TAMS 0x00000000fc100000| PB 0x00000000fc100000| Untracked 
|   2|0x00000000fc200000, 0x00000000fc200000, 0x00000000fc300000|  0%| F|  |TAMS 0x00000000fc200000| PB 0x00000000fc200000| Untracked 
|   3|0x00000000fc300000, 0x00000000fc300000, 0x00000000fc400000|  0%| F|  |TAMS 0x00000000fc300000| PB 0x00000000fc300000| Untracked 
|   4|0x00000000fc400000, 0x00000000fc400000, 0x00000000fc500000|  0%| F|  |TAMS 0x00000000fc400000| PB 0x00000000fc400000| Untracked 
|   5|0x00000000fc500000, 0x00000000fc500000, 0x00000000fc600000|  0%| F|  |TAMS 0x00000000fc500000| PB 0x00000000fc500000| Untracked 
|   6|0x00000000fc600000, 0x00000000fc600000, 0x00000000fc700000|  0%| F|  |TAMS 0x00000000fc600000| PB 0x00000000fc600000| Untracked 
|   7|0x00000000fc700000, 0x00000000fc700000, 0x00000000fc800000|  0%| F|  |TAMS 0x00000000fc700000| PB 0x00000000fc700000| Untracked 
|   8|0x00000000fc800000, 0x00000000fc800000, 0x00000000fc900000|  0%| F|  |TAMS 0x00000000fc800000| PB 0x00000000fc800000| Untracked 
|   9|0x00000000fc900000, 0x00000000fc900000, 0x00000000fca00000|  0%| F|  |TAMS 0x00000000fc900000| PB 0x00000000fc900000| Untracked 
|  10|0x00000000fca00000, 0x00000000fca00000, 0x00000000fcb00000|  0%| F|  |TAMS 0x00000000fca00000| PB 0x00000000fca00000| Untracked 
|  11|0x00000000fcb00000, 0x00000000fcb00000, 0x00000000fcc00000|  0%| F|  |TAMS 0x00000000fcb00000| PB 0x00000000fcb00000| Untracked 
|  12|0x00000000fcc00000, 0x00000000fcc00000, 0x00000000fcd00000|  0%| F|  |TAMS 0x00000000fcc00000| PB 0x00000000fcc00000| Untracked 
|  13|0x00000000fcd00000, 0x00000000fcd00000, 0x00000000fce00000|  0%| F|  |TAMS 0x00000000fcd00000| PB 0x00000000fcd00000| Untracked 
|  14|0x00000000fce00000, 0x00000000fce00000, 0x00000000fcf00000|  0%| F|  |TAMS 0x00000000fce00000| PB 0x00000000fce00000| Untracked 
|  15|0x00000000fcf00000, 0x00000000fcf00000, 0x00000000fd000000|  0%| F|  |TAMS 0x00000000fcf00000| PB 0x00000000fcf00000| Untracked 
|  16|0x00000000fd000000, 0x00000000fd000000, 0x00000000fd100000|  0%| F|  |TAMS 0x00000000fd000000| PB 0x00000000fd000000| Untracked 
|  17|0x00000000fd100000, 0x00000000fd100000, 0x00000000fd200000|  0%| F|  |TAMS 0x00000000fd100000| PB 0x00000000fd100000| Untracked 
|  18|0x00000000fd200000, 0x00000000fd200000, 0x00000000fd300000|  0%| F|  |TAMS 0x00000000fd200000| PB 0x00000000fd200000| Untracked 
|  19|0x00000000fd300000, 0x00000000fd300000, 0x00000000fd400000|  0%| F|  |TAMS 0x00000000fd300000| PB 0x00000000fd300000| Untracked 
|  20|0x00000000fd400000, 0x00000000fd400000, 0x00000000fd500000|  0%| F|  |TAMS 0x00000000fd400000| PB 0x00000000fd400000| Untracked 
|  21|0x00000000fd500000, 0x00000000fd500000, 0x00000000fd600000|  0%| F|  |TAMS 0x00000000fd500000| PB 0x00000000fd500000| Untracked 
|  22|0x00000000fd600000, 0x00000000fd600000, 0x00000000fd700000|  0%| F|  |TAMS 0x00000000fd600000| PB 0x00000000fd600000| Untracked 
|  23|0x00000000fd700000, 0x00000000fd700000, 0x00000000fd800000|  0%| F|  |TAMS 0x00000000fd700000| PB 0x00000000fd700000| Untracked 
|  24|0x00000000fd800000, 0x00000000fd800000, 0x00000000fd900000|  0%| F|  |TAMS 0x00000000fd800000| PB 0x00000000fd800000| Untracked 
|  25|0x00000000fd900000, 0x00000000fd900000, 0x00000000fda00000|  0%| F|  |TAMS 0x00000000fd900000| PB 0x00000000fd900000| Untracked 
|  26|0x00000000fda00000, 0x00000000fda00000, 0x00000000fdb00000|  0%| F|  |TAMS 0x00000000fda00000| PB 0x00000000fda00000| Untracked 
|  27|0x00000000fdb00000, 0x00000000fdb00000, 0x00000000fdc00000|  0%| F|  |TAMS 0x00000000fdb00000| PB 0x00000000fdb00000| Untracked 
|  28|0x00000000fdc00000, 0x00000000fdc00000, 0x00000000fdd00000|  0%| F|  |TAMS 0x00000000fdc00000| PB 0x00000000fdc00000| Untracked 
|  29|0x00000000fdd00000, 0x00000000fdd00000, 0x00000000fde00000|  0%| F|  |TAMS 0x00000000fdd00000| PB 0x00000000fdd00000| Untracked 
|  30|0x00000000fde00000, 0x00000000fde00000, 0x00000000fdf00000|  0%| F|  |TAMS 0x00000000fde00000| PB 0x00000000fde00000| Untracked 
|  31|0x00000000fdf00000, 0x00000000fdf00000, 0x00000000fe000000|  0%| F|  |TAMS 0x00000000fdf00000| PB 0x00000000fdf00000| Untracked 
|  32|0x00000000fe000000, 0x00000000fe000000, 0x00000000fe100000|  0%| F|  |TAMS 0x00000000fe000000| PB 0x00000000fe000000| Untracked 
|  33|0x00000000fe100000, 0x00000000fe100000, 0x00000000fe200000|  0%| F|  |TAMS 0x00000000fe100000| PB 0x00000000fe100000| Untracked 
|  34|0x00000000fe200000, 0x00000000fe200000, 0x00000000fe300000|  0%| F|  |TAMS 0x00000000fe200000| PB 0x00000000fe200000| Untracked 
|  35|0x00000000fe300000, 0x00000000fe300000, 0x00000000fe400000|  0%| F|  |TAMS 0x00000000fe300000| PB 0x00000000fe300000| Untracked 
|  36|0x00000000fe400000, 0x00000000fe400000, 0x00000000fe500000|  0%| F|  |TAMS 0x00000000fe400000| PB 0x00000000fe400000| Untracked 
|  37|0x00000000fe500000, 0x00000000fe500000, 0x00000000fe600000|  0%| F|  |TAMS 0x00000000fe500000| PB 0x00000000fe500000| Untracked 
|  38|0x00000000fe600000, 0x00000000fe600000, 0x00000000fe700000|  0%| F|  |TAMS 0x00000000fe600000| PB 0x00000000fe600000| Untracked 
|  39|0x00000000fe700000, 0x00000000fe700000, 0x00000000fe800000|  0%| F|  |TAMS 0x00000000fe700000| PB 0x00000000fe700000| Untracked 
|  40|0x00000000fe800000, 0x00000000fe800000, 0x00000000fe900000|  0%| F|  |TAMS 0x00000000fe800000| PB 0x00000000fe800000| Untracked 
|  41|0x00000000fe900000, 0x00000000fe900000, 0x00000000fea00000|  0%| F|  |TAMS 0x00000000fe900000| PB 0x00000000fe900000| Untracked 
|  42|0x00000000fea00000, 0x00000000fea00000, 0x00000000feb00000|  0%| F|  |TAMS 0x00000000fea00000| PB 0x00000000fea00000| Untracked 
|  43|0x00000000feb00000, 0x00000000feb00000, 0x00000000fec00000|  0%| F|  |TAMS 0x00000000feb00000| PB 0x00000000feb00000| Untracked 
|  44|0x00000000fec00000, 0x00000000fec00000, 0x00000000fed00000|  0%| F|  |TAMS 0x00000000fec00000| PB 0x00000000fec00000| Untracked 
|  45|0x00000000fed00000, 0x00000000fed00000, 0x00000000fee00000|  0%| F|  |TAMS 0x00000000fed00000| PB 0x00000000fed00000| Untracked 
|  46|0x00000000fee00000, 0x00000000fee00000, 0x00000000fef00000|  0%| F|  |TAMS 0x00000000fee00000| PB 0x00000000fee00000| Untracked 
|  47|0x00000000fef00000, 0x00000000fef00000, 0x00000000ff000000|  0%| F|  |TAMS 0x00000000fef00000| PB 0x00000000fef00000| Untracked 
|  48|0x00000000ff000000, 0x00000000ff000000, 0x00000000ff100000|  0%| F|  |TAMS 0x00000000ff000000| PB 0x00000000ff000000| Untracked 
|  49|0x00000000ff100000, 0x00000000ff100000, 0x00000000ff200000|  0%| F|  |TAMS 0x00000000ff100000| PB 0x00000000ff100000| Untracked 
|  50|0x00000000ff200000, 0x00000000ff200000, 0x00000000ff300000|  0%| F|  |TAMS 0x00000000ff200000| PB 0x00000000ff200000| Untracked 
|  51|0x00000000ff300000, 0x00000000ff300000, 0x00000000ff400000|  0%| F|  |TAMS 0x00000000ff300000| PB 0x00000000ff300000| Untracked 
|  52|0x00000000ff400000, 0x00000000ff400000, 0x00000000ff500000|  0%| F|  |TAMS 0x00000000ff400000| PB 0x00000000ff400000| Untracked 
|  53|0x00000000ff500000, 0x00000000ff500000, 0x00000000ff600000|  0%| F|  |TAMS 0x00000000ff500000| PB 0x00000000ff500000| Untracked 
|  54|0x00000000ff600000, 0x00000000ff600000, 0x00000000ff700000|  0%| F|  |TAMS 0x00000000ff600000| PB 0x00000000ff600000| Untracked 
|  55|0x00000000ff700000, 0x00000000ff700000, 0x00000000ff800000|  0%| F|  |TAMS 0x00000000ff700000| PB 0x00000000ff700000| Untracked 
|  56|0x00000000ff800000, 0x00000000ff800000, 0x00000000ff900000|  0%| F|  |TAMS 0x00000000ff800000| PB 0x00000000ff800000| Untracked 
|  57|0x00000000ff900000, 0x00000000ff900000, 0x00000000ffa00000|  0%| F|  |TAMS 0x00000000ff900000| PB 0x00000000ff900000| Untracked 
|  58|0x00000000ffa00000, 0x00000000ffa00000, 0x00000000ffb00000|  0%| F|  |TAMS 0x00000000ffa00000| PB 0x00000000ffa00000| Untracked 
|  59|0x00000000ffb00000, 0x00000000ffb00000, 0x00000000ffc00000|  0%| F|  |TAMS 0x00000000ffb00000| PB 0x00000000ffb00000| Untracked 
|  60|0x00000000ffc00000, 0x00000000ffc00000, 0x00000000ffd00000|  0%| F|  |TAMS 0x00000000ffc00000| PB 0x00000000ffc00000| Untracked 
|  61|0x00000000ffd00000, 0x00000000ffd00000, 0x00000000ffe00000|  0%| F|  |TAMS 0x00000000ffd00000| PB 0x00000000ffd00000| Untracked 
|  62|0x00000000ffe00000, 0x00000000ffe00000, 0x00000000fff00000|  0%| F|  |TAMS 0x00000000ffe00000| PB 0x00000000ffe00000| Untracked 
|  63|0x00000000fff00000, 0x00000000ffffde80, 0x0000000100000000| 99%| E|  |TAMS 0x00000000fff00000| PB 0x00000000fff00000| Complete 

Card table byte_map: [0x0000020fb6c70000,0x0000020fb6c90000] _byte_map_base: 0x0000020fb6490000

Marking Bits: (CMBitMap*) 0x0000020fb7083a20
 Bits: [0x0000020fb6c90000, 0x0000020fb6d90000)

Polling page: 0x0000020fb4ea0000

Metaspace:

Usage:
  Non-class:      3.89 MB used.
      Class:    316.91 KB used.
       Both:      4.20 MB used.

Virtual space:
  Non-class space:       64.00 MB reserved,       3.94 MB (  6%) committed,  1 nodes.
      Class space:        1.00 GB reserved,     320.00 KB ( <1%) committed,  1 nodes.
             Both:        1.06 GB reserved,       4.25 MB ( <1%) committed. 

Chunk freelists:
   Non-Class:  12.00 MB
       Class:  15.62 MB
        Both:  27.62 MB

MaxMetaspaceSize: unlimited
CompressedClassSpaceSize: 1.00 GB
Initial GC threshold: 21.00 MB
Current GC threshold: 21.00 MB
CDS: off
 - commit_granule_bytes: 65536.
 - commit_granule_words: 8192.
 - virtual_space_node_default_size: 8388608.
 - enlarge_chunks_in_place: 1.
 - use_allocation_guard: 0.


Internal statistics:

num_allocs_failed_limit: 0.
num_arena_births: 2.
num_arena_deaths: 0.
num_vsnodes_births: 2.
num_vsnodes_deaths: 0.
num_space_committed: 68.
num_space_uncommitted: 0.
num_chunks_returned_to_freelist: 0.
num_chunks_taken_from_freelist: 4.
num_chunk_merges: 0.
num_chunk_splits: 2.
num_chunks_enlarged: 0.
num_inconsistent_stats: 0.

CodeHeap 'non-profiled nmethods': size=120064Kb used=15Kb max_used=15Kb free=120048Kb
 bounds [0x0000020fc72d0000, 0x0000020fc7540000, 0x0000020fce810000]
CodeHeap 'profiled nmethods': size=120000Kb used=110Kb max_used=110Kb free=119889Kb
 bounds [0x0000020fbf810000, 0x0000020fbfa80000, 0x0000020fc6d40000]
CodeHeap 'non-nmethods': size=5696Kb used=1165Kb max_used=1165Kb free=4530Kb
 bounds [0x0000020fc6d40000, 0x0000020fc6fb0000, 0x0000020fc72d0000]
 total_blobs=383 nmethods=82 adapters=207
 compilation: enabled
              stopped_count=0, restarted_count=0
 full_count=0

Compilation events (20 events):
Event: 0.243 Thread 0x0000020fd09e7e70   16       3       java.lang.module.ModuleDescriptor$Exports::<init> (20 bytes)
Event: 0.243 Thread 0x0000020fd09e7e70 nmethod 16 0x0000020fbf815e10 code [0x0000020fbf815fc0, 0x0000020fbf816238]
Event: 0.243 Thread 0x0000020fd09e7e70   17       3       java.util.Set::of (4 bytes)
Event: 0.243 Thread 0x0000020fd09e7e70 nmethod 17 0x0000020fbf816310 code [0x0000020fbf8164a0, 0x0000020fbf816598]
Event: 0.244 Thread 0x0000020fd09e7e70   18       3       java.util.ImmutableCollections$SetN::iterator (9 bytes)
Event: 0.244 Thread 0x0000020fd09e7e70 nmethod 18 0x0000020fbf816610 code [0x0000020fbf8167c0, 0x0000020fbf816960]
Event: 0.244 Thread 0x0000020fd09e7e70   19       3       java.util.ImmutableCollections$SetN$SetNIterator::hasNext (13 bytes)
Event: 0.244 Thread 0x0000020fd09e7e70 nmethod 19 0x0000020fbf816a10 code [0x0000020fbf816ba0, 0x0000020fbf816d08]
Event: 0.245 Thread 0x0000020fd09e7e70   20       3       java.lang.module.ModuleDescriptor$Exports::hashCode (36 bytes)
Event: 0.245 Thread 0x0000020fd09e7e70 nmethod 20 0x0000020fbf816d90 code [0x0000020fbf816f60, 0x0000020fbf8171e0]
Event: 0.245 Thread 0x0000020fd09e7e70   21       3       java.util.Objects::requireNonNull (14 bytes)
Event: 0.246 Thread 0x0000020fd09e7e70 nmethod 21 0x0000020fbf817310 code [0x0000020fbf8174c0, 0x0000020fbf8176a8]
Event: 0.246 Thread 0x0000020fd09e7e70   22       3       java.util.AbstractCollection::<init> (5 bytes)
Event: 0.246 Thread 0x0000020fd09e7e70 nmethod 22 0x0000020fbf817790 code [0x0000020fbf817940, 0x0000020fbf817aa8]
Event: 0.246 Thread 0x0000020fd09e7e70   23       3       java.util.ImmutableCollections$AbstractImmutableCollection::<init> (5 bytes)
Event: 0.246 Thread 0x0000020fd09e7e70 nmethod 23 0x0000020fbf817b90 code [0x0000020fbf817d40, 0x0000020fbf817f08]
Event: 0.247 Thread 0x0000020fd09e7e70   24       3       java.util.ImmutableCollections$AbstractImmutableSet::<init> (5 bytes)
Event: 0.247 Thread 0x0000020fd09e7e70 nmethod 24 0x0000020fbf818010 code [0x0000020fbf8181c0, 0x0000020fbf8183e8]
Event: 0.250 Thread 0x0000020fd09e7e70   25       3       java.util.Set::of (68 bytes)
Event: 0.251 Thread 0x0000020fd09e7e70 nmethod 25 0x0000020fbf818510 code [0x0000020fbf818740, 0x0000020fbf818f30]

GC Heap History (0 events):
No events

Dll operation events (2 events):
Event: 0.018 Loaded shared library C:\Program Files\Zulu\zulu-21\bin\java.dll
Event: 0.193 Loaded shared library C:\Program Files\Zulu\zulu-21\bin\jsvml.dll

Deoptimization events (0 events):
No events

Classes loaded (20 events):
Event: 0.232 Loading class java/lang/reflect/AccessFlag$11 done
Event: 0.232 Loading class java/lang/reflect/AccessFlag$12
Event: 0.233 Loading class java/lang/reflect/AccessFlag$12 done
Event: 0.233 Loading class java/lang/reflect/AccessFlag$13
Event: 0.233 Loading class java/lang/reflect/AccessFlag$13 done
Event: 0.233 Loading class java/lang/reflect/AccessFlag$14
Event: 0.233 Loading class java/lang/reflect/AccessFlag$14 done
Event: 0.233 Loading class java/lang/reflect/AccessFlag$15
Event: 0.233 Loading class java/lang/reflect/AccessFlag$15 done
Event: 0.233 Loading class java/lang/reflect/AccessFlag$16
Event: 0.233 Loading class java/lang/reflect/AccessFlag$16 done
Event: 0.233 Loading class java/lang/reflect/AccessFlag$17
Event: 0.233 Loading class java/lang/reflect/AccessFlag$17 done
Event: 0.234 Loading class java/lang/reflect/AccessFlag$18
Event: 0.234 Loading class java/lang/reflect/AccessFlag$18 done
Event: 0.234 Loading class java/lang/module/ModuleDescriptor$Requires$Modifier
Event: 0.234 Loading class java/lang/module/ModuleDescriptor$Requires$Modifier done
Event: 0.238 Loading class java/util/ImmutableCollections$Set12$1
Event: 0.238 Loading class java/util/ImmutableCollections$Set12$1 done
Event: 0.251 Loading class jdk/internal/module/ModuleTarget

Classes unloaded (0 events):
No events

Classes redefined (0 events):
No events

Internal exceptions (0 events):
No events

ZGC Phase Switch (0 events):
No events

VM Operations (0 events):
No events

Events (9 events):
Event: 0.046 Thread 0x0000020fb4ef6fa0 Thread added: 0x0000020fb4ef6fa0
Event: 0.185 Thread 0x0000020fd09d87d0 Thread added: 0x0000020fd09d87d0
Event: 0.185 Thread 0x0000020fd09c1ec0 Thread added: 0x0000020fd09c1ec0
Event: 0.187 Thread 0x0000020fd09cd1b0 Thread added: 0x0000020fd09cd1b0
Event: 0.187 Thread 0x0000020fd09cdc10 Thread added: 0x0000020fd09cdc10
Event: 0.187 Thread 0x0000020fd09cefc0 Thread added: 0x0000020fd09cefc0
Event: 0.188 Thread 0x0000020fd09cac70 Thread added: 0x0000020fd09cac70
Event: 0.188 Thread 0x0000020fd09e6c30 Thread added: 0x0000020fd09e6c30
Event: 0.191 Thread 0x0000020fd09e7e70 Thread added: 0x0000020fd09e7e70


Dynamic libraries:
0x00007ff72e070000 - 0x00007ff72e07e000 	C:\Program Files\Zulu\zulu-21\bin\java.exe
0x00007ff83f7f0000 - 0x00007ff83f9e8000 	C:\WINDOWS\SYSTEM32\ntdll.dll
0x00007ff83f610000 - 0x00007ff83f6cd000 	C:\WINDOWS\System32\KERNEL32.DLL
0x00007ff83d2a0000 - 0x00007ff83d596000 	C:\WINDOWS\System32\KERNELBASE.dll
0x00007ff83d1a0000 - 0x00007ff83d2a0000 	C:\WINDOWS\System32\ucrtbase.dll
0x00007ff836b80000 - 0x00007ff836b99000 	C:\Program Files\Zulu\zulu-21\bin\jli.dll
0x00007ff83daf0000 - 0x00007ff83dc8f000 	C:\WINDOWS\System32\USER32.dll
0x00007ff83d170000 - 0x00007ff83d192000 	C:\WINDOWS\System32\win32u.dll
0x00007ff83e8a0000 - 0x00007ff83e8cb000 	C:\WINDOWS\System32\GDI32.dll
0x00007ff83ceb0000 - 0x00007ff83cfc7000 	C:\WINDOWS\System32\gdi32full.dll
0x00007ff83d0d0000 - 0x00007ff83d16d000 	C:\WINDOWS\System32\msvcp_win.dll
0x00007ff829e90000 - 0x00007ff829eab000 	C:\Program Files\Zulu\zulu-21\bin\VCRUNTIME140.dll
0x00007ff8271d0000 - 0x00007ff82746a000 	C:\WINDOWS\WinSxS\amd64_microsoft.windows.common-controls_6595b64144ccf1df_6.0.19041.4355_none_60b8b9eb71f62e16\COMCTL32.dll
0x00007ff83e6b0000 - 0x00007ff83e74e000 	C:\WINDOWS\System32\msvcrt.dll
0x00007ff83e530000 - 0x00007ff83e55f000 	C:\WINDOWS\System32\IMM32.DLL
0x00007ff8390c0000 - 0x00007ff8390cc000 	C:\Program Files\Zulu\zulu-21\bin\vcruntime140_1.dll
0x00007ff824870000 - 0x00007ff8248fe000 	C:\Program Files\Zulu\zulu-21\bin\msvcp140.dll
0x00007ffffa8e0000 - 0x00007ffffb674000 	C:\Program Files\Zulu\zulu-21\bin\server\jvm.dll
0x00007ff83d950000 - 0x00007ff83da00000 	C:\WINDOWS\System32\ADVAPI32.dll
0x00007ff83e8d0000 - 0x00007ff83e970000 	C:\WINDOWS\System32\sechost.dll
0x00007ff83eaf0000 - 0x00007ff83ec13000 	C:\WINDOWS\System32\RPCRT4.dll
0x00007ff83d800000 - 0x00007ff83d827000 	C:\WINDOWS\System32\bcrypt.dll
0x00007ff83f090000 - 0x00007ff83f0fb000 	C:\WINDOWS\System32\WS2_32.dll
0x00007ff83cd00000 - 0x00007ff83cd4b000 	C:\WINDOWS\SYSTEM32\POWRPROF.dll
0x00007ff818880000 - 0x00007ff8188a7000 	C:\WINDOWS\SYSTEM32\WINMM.dll
0x00007ff8372a0000 - 0x00007ff8372aa000 	C:\WINDOWS\SYSTEM32\VERSION.dll
0x00007ff83cce0000 - 0x00007ff83ccf2000 	C:\WINDOWS\SYSTEM32\UMPDC.dll
0x00007ff83b6c0000 - 0x00007ff83b6d2000 	C:\WINDOWS\SYSTEM32\kernel.appcore.dll
0x00007ff829ec0000 - 0x00007ff829eca000 	C:\Program Files\Zulu\zulu-21\bin\jimage.dll
0x00007ff83b3f0000 - 0x00007ff83b5d4000 	C:\WINDOWS\SYSTEM32\DBGHELP.DLL
0x00007ff820580000 - 0x00007ff8205b4000 	C:\WINDOWS\SYSTEM32\dbgcore.DLL
0x00007ff83cfd0000 - 0x00007ff83d052000 	C:\WINDOWS\System32\bcryptPrimitives.dll
0x00007ff829d30000 - 0x00007ff829d4f000 	C:\Program Files\Zulu\zulu-21\bin\java.dll
0x00007ff83ddc0000 - 0x00007ff83e52c000 	C:\WINDOWS\System32\SHELL32.dll
0x00007ff83ac40000 - 0x00007ff83b3dd000 	C:\WINDOWS\SYSTEM32\windows.storage.dll
0x00007ff83f100000 - 0x00007ff83f453000 	C:\WINDOWS\System32\combase.dll
0x00007ff83c800000 - 0x00007ff83c82e000 	C:\WINDOWS\SYSTEM32\Wldp.dll
0x00007ff83ea20000 - 0x00007ff83eaed000 	C:\WINDOWS\System32\OLEAUT32.dll
0x00007ff83d840000 - 0x00007ff83d8ed000 	C:\WINDOWS\System32\SHCORE.dll
0x00007ff83da00000 - 0x00007ff83da55000 	C:\WINDOWS\System32\shlwapi.dll
0x00007ff83cde0000 - 0x00007ff83ce04000 	C:\WINDOWS\SYSTEM32\profapi.dll
0x00007ff81f460000 - 0x00007ff81f537000 	C:\Program Files\Zulu\zulu-21\bin\jsvml.dll

dbghelp: loaded successfully - version: 4.0.5 - missing functions: none
symbol engine: initialized successfully - sym options: 0x614 - pdb path: .;C:\Program Files\Zulu\zulu-21\bin;C:\WINDOWS\SYSTEM32;C:\WINDOWS\WinSxS\amd64_microsoft.windows.common-controls_6595b64144ccf1df_6.0.19041.4355_none_60b8b9eb71f62e16;C:\Program Files\Zulu\zulu-21\bin\server

VM Arguments:
jvm_args: -Xmx64m -Xms64m -Dorg.gradle.appname=gradlew 
java_command: org.gradle.wrapper.GradleWrapperMain generatejavascript
java_class_path (initial): C:\Users\Peyton Scarborough\Documents\GitHub\Shadow-4.0\\gradle\wrapper\gradle-wrapper.jar
Launcher Type: SUN_STANDARD

[Global flags]
     intx CICompilerCount                          = 2                                         {product} {ergonomic}
     uint ConcGCThreads                            = 1                                         {product} {ergonomic}
     uint G1ConcRefinementThreads                  = 2                                         {product} {ergonomic}
   size_t G1HeapRegionSize                         = 1048576                                   {product} {ergonomic}
    uintx GCDrainStackTargetSize                   = 64                                        {product} {ergonomic}
   size_t InitialHeapSize                          = 67108864                                  {product} {command line}
   size_t MarkStackSize                            = 4194304                                   {product} {ergonomic}
   size_t MaxHeapSize                              = 67108864                                  {product} {command line}
   size_t MaxNewSize                               = 39845888                                  {product} {ergonomic}
   size_t MinHeapDeltaBytes                        = 1048576                                   {product} {ergonomic}
   size_t MinHeapSize                              = 67108864                                  {product} {command line}
    uintx NonNMethodCodeHeapSize                   = 5826188                                {pd product} {ergonomic}
    uintx NonProfiledCodeHeapSize                  = 122916026                              {pd product} {ergonomic}
    uintx ProfiledCodeHeapSize                     = 122916026                              {pd product} {ergonomic}
    uintx ReservedCodeCacheSize                    = 251658240                              {pd product} {ergonomic}
     bool SegmentedCodeCache                       = true                                      {product} {ergonomic}
   size_t SoftMaxHeapSize                          = 67108864                               {manageable} {ergonomic}
     bool UseCompressedOops                        = true                           {product lp64_product} {ergonomic}
     bool UseG1GC                                  = true                                      {product} {ergonomic}
     bool UseLargePagesIndividualAllocation        = false                                  {pd product} {ergonomic}

Logging:
Log output configuration:
 #0: stdout all=warning uptime,level,tags foldmultilines=false
 #1: stderr all=off uptime,level,tags foldmultilines=false

Environment Variables:
CLASSPATH=C:\Users\Peyton Scarborough\Documents\GitHub\Shadow-4.0\\gradle\wrapper\gradle-wrapper.jar
PATH=C:\Program Files\Zulu\zulu-21\bin\;C:\Program Files\Zulu\zulu-17\bin\;C:\Program Files\Zulu\zulu-11\bin\;C:\Program Files\Zulu\zulu-8\bin\;C:\WINDOWS\system32;C:\WINDOWS;C:\WINDOWS\System32\Wbem;C:\WINDOWS\System32\WindowsPowerShell\v1.0\;C:\WINDOWS\System32\OpenSSH\;C:\Program Files\nodejs\;C:\Program Files\Git\cmd;C:\Users\Peyton Scarborough\AppData\Local\Microsoft\WindowsApps;C:\Users\Peyton Scarborough\AppData\Local\GitHubDesktop\bin;C:\Users\Peyton Scarborough\AppData\Roaming\npm;C:\Program Files\JetBrains\IntelliJ IDEA 2024.1.4\bin;;C:\Users\Peyton Scarborough\AppData\Local\Programs\Microsoft VS Code\bin
USERNAME=Peyton Scarborough
OS=Windows_NT
PROCESSOR_IDENTIFIER=Intel64 Family 6 Model 122 Stepping 1, GenuineIntel
TMP=C:\Users\PEYTON~1\AppData\Local\Temp
TEMP=C:\Users\PEYTON~1\AppData\Local\Temp




Periodic native trim disabled

---------------  S Y S T E M  ---------------

OS:
 Windows 10 , 64 bit Build 19041 (10.0.19041.3636)
OS uptime: 1 days 7:42 hours

CPU: total 2 (initial active 2) (2 cores per cpu, 1 threads per core) family 6 model 122 stepping 1 microcode 0x2e, cx8, cmov, fxsr, mmx, 3dnowpref, sse, sse2, sse3, ssse3, sse4.1, sse4.2, popcnt, tsc, tscinvbit, aes, erms, clmul, sha, clflush, clflushopt, rdtscp, rdpid
Processor Information for all 2 processors :
  Max Mhz: 1101, Current Mhz: 1101, Mhz Limit: 1101

Memory: 4k page, system-wide physical 3918M (330M free)
TotalPageFile size 8082M (AvailPageFile size 1M)
current process WorkingSet (physical memory assigned to process): 26M, peak: 26M
current process commit charge ("private bytes"): 122M, peak: 125M

vm_info: OpenJDK 64-Bit Server VM (21.0.3+9-LTS) for windows-amd64 JRE (21.0.3+9-LTS) (Zulu21.34+19-CA), built on 2024-04-09T07:26:03Z by "zulu_re" with MS VC++ 17.1 (VS2022)

END.
